
*** Running vivado
    with args -log Top.vds -m64 -product Vivado -mode batch -messageDb vivado.pb -notrace -source Top.tcl


****** Vivado v2018.3 (64-bit)
  **** SW Build 2405991 on Thu Dec  6 23:38:27 MST 2018
  **** IP Build 2404404 on Fri Dec  7 01:43:56 MST 2018
    ** Copyright 1986-2018 Xilinx, Inc. All Rights Reserved.

source Top.tcl -notrace
INFO: [IP_Flow 19-234] Refreshing IP repositories
INFO: [IP_Flow 19-1700] Loaded user IP repository 'c:/Users/z1528/Desktop/SEA_S7/Tests/Game/Project/IP_Core'.
INFO: [IP_Flow 19-2313] Loaded Vivado IP repository 'H:/Program/XILINX/Vivado/2018.3/data/ip'.
Command: synth_design -top Top -part xc7s15ftgb196-1
Starting synth_design
Attempting to get a license for feature 'Synthesis' and/or device 'xc7s15'
INFO: [Common 17-349] Got license for feature 'Synthesis' and/or device 'xc7s15'
INFO: Launching helper process for spawning children vivado processes
INFO: Helper process launched with PID 9196 
---------------------------------------------------------------------------------
Starting RTL Elaboration : Time (s): cpu = 00:00:04 ; elapsed = 00:00:03 . Memory (MB): peak = 484.086 ; gain = 106.586
---------------------------------------------------------------------------------
INFO: [Synth 8-6157] synthesizing module 'Top' [C:/Users/z1528/Desktop/SEA_S7/Tests/Game/Project/Project.srcs/sources_1/new/Top.v:1]
INFO: [Synth 8-6157] synthesizing module 'clk_wiz_0' [C:/Users/z1528/Desktop/SEA_S7/Tests/Game/Project/Project.runs/synth_1/.Xil/Vivado-1044-ghost01/realtime/clk_wiz_0_stub.v:5]
INFO: [Synth 8-6155] done synthesizing module 'clk_wiz_0' (1#1) [C:/Users/z1528/Desktop/SEA_S7/Tests/Game/Project/Project.runs/synth_1/.Xil/Vivado-1044-ghost01/realtime/clk_wiz_0_stub.v:5]
INFO: [Synth 8-6157] synthesizing module 'rgb2dvi_0' [C:/Users/z1528/Desktop/SEA_S7/Tests/Game/Project/Project.runs/synth_1/.Xil/Vivado-1044-ghost01/realtime/rgb2dvi_0_stub.v:6]
INFO: [Synth 8-6155] done synthesizing module 'rgb2dvi_0' (2#1) [C:/Users/z1528/Desktop/SEA_S7/Tests/Game/Project/Project.runs/synth_1/.Xil/Vivado-1044-ghost01/realtime/rgb2dvi_0_stub.v:6]
INFO: [Synth 8-6157] synthesizing module 'Driver_HDMI' [C:/Users/z1528/Desktop/SEA_S7/Tests/Game/Project/Project.srcs/sources_1/new/Driver_HDMI.v:4]
	Parameter H_ACTIVE_1280_720 bound to: 16'b0000010100000000 
	Parameter H_FP_1280_720 bound to: 16'b0000000001101110 
	Parameter H_SYNC_1280_720 bound to: 16'b0000000000101000 
	Parameter H_BP_1280_720 bound to: 16'b0000000011011100 
	Parameter V_ACTIVE_1280_720 bound to: 16'b0000001011010000 
	Parameter V_FP_1280_720 bound to: 16'b0000000000000101 
	Parameter V_SYNC_1280_720 bound to: 16'b0000000000000101 
	Parameter V_BP_1280_720 bound to: 16'b0000000000010100 
	Parameter H_TOTAL_1280_720 bound to: 16'b0000011001110010 
	Parameter V_TOTAL_1280_720 bound to: 16'b0000001011101110 
	Parameter H_ACTIVE_1920_1080 bound to: 16'b0000011110000000 
	Parameter H_FP_1920_1080 bound to: 16'b0000000001011000 
	Parameter H_SYNC_1920_1080 bound to: 16'b0000000000101100 
	Parameter H_BP_1920_1080 bound to: 16'b0000000010010100 
	Parameter V_ACTIVE_1920_1080 bound to: 16'b0000010000111000 
	Parameter V_FP_1920_1080 bound to: 16'b0000000000000100 
	Parameter V_SYNC_1920_1080 bound to: 16'b0000000000000101 
	Parameter V_BP_1920_1080 bound to: 16'b0000000000100100 
	Parameter H_TOTAL_1920_1080 bound to: 16'b0000100010011000 
	Parameter V_TOTAL_1920_1080 bound to: 16'b0000010001100101 
INFO: [Synth 8-6155] done synthesizing module 'Driver_HDMI' (3#1) [C:/Users/z1528/Desktop/SEA_S7/Tests/Game/Project/Project.srcs/sources_1/new/Driver_HDMI.v:4]
INFO: [Synth 8-6157] synthesizing module 'Game_Snake' [C:/Users/z1528/Desktop/SEA_S7/Tests/Game/Project/Project.srcs/sources_1/new/Game_Snake.v:1]
	Parameter Init bound to: 2'b00 
	Parameter Start bound to: 2'b01 
	Parameter Pause bound to: 2'b10 
	Parameter End bound to: 2'b11 
	Parameter Size bound to: 16 - type: integer 
	Parameter Box_Width bound to: 12'b000000100000 
	Parameter bLeft bound to: 31 - type: integer 
	Parameter bRight bound to: 1248 - type: integer 
	Parameter bUp bound to: 31 - type: integer 
	Parameter bDown bound to: 688 - type: integer 
	Parameter FontColor bound to: 24'b111100000000000000001111 
	Parameter Brown bound to: 24'b111100000000000000001111 
	Parameter Black bound to: 24'b000000000000000000000000 
	Parameter Green bound to: 24'b000011110000000011110000 
	Parameter Blue bound to: 24'b000000001111111100000000 
	Parameter Gray bound to: 24'b110011001100110011001100 
	Parameter Yellow bound to: 24'b111111110000000011111111 
	Parameter Food_InitX bound to: 8'b00010100 
	Parameter Food_InitY bound to: 8'b00011001 
	Parameter Right bound to: 2'b00 
	Parameter Bottom bound to: 2'b01 
	Parameter Left bound to: 2'b10 
	Parameter Up bound to: 2'b11 
	Parameter Speed_0 bound to: 37125000 - type: integer 
	Parameter Speed_1 bound to: 27843750 - type: integer 
	Parameter Speed_2 bound to: 18562500 - type: integer 
	Parameter Speed_3 bound to: 9281250 - type: integer 
	Parameter Key_delay bound to: 9281250 - type: integer 
	Parameter X_Left bound to: 8'b00000001 
	Parameter X_Right bound to: 8'b01001110 
	Parameter Y_Up bound to: 8'b00000001 
	Parameter Y_Bottom bound to: 8'b00101011 
INFO: [Synth 8-155] case statement is not full and has no default [C:/Users/z1528/Desktop/SEA_S7/Tests/Game/Project/Project.srcs/sources_1/new/Game_Snake.v:207]
INFO: [Synth 8-155] case statement is not full and has no default [C:/Users/z1528/Desktop/SEA_S7/Tests/Game/Project/Project.srcs/sources_1/new/Game_Snake.v:574]
INFO: [Synth 8-155] case statement is not full and has no default [C:/Users/z1528/Desktop/SEA_S7/Tests/Game/Project/Project.srcs/sources_1/new/Game_Snake.v:668]
INFO: [Synth 8-155] case statement is not full and has no default [C:/Users/z1528/Desktop/SEA_S7/Tests/Game/Project/Project.srcs/sources_1/new/Game_Snake.v:1090]
INFO: [Synth 8-6157] synthesizing module 'P1_B_Rom' [C:/Users/z1528/Desktop/SEA_S7/Tests/Game/Project/Project.runs/synth_1/.Xil/Vivado-1044-ghost01/realtime/P1_B_Rom_stub.v:6]
INFO: [Synth 8-6155] done synthesizing module 'P1_B_Rom' (4#1) [C:/Users/z1528/Desktop/SEA_S7/Tests/Game/Project/Project.runs/synth_1/.Xil/Vivado-1044-ghost01/realtime/P1_B_Rom_stub.v:6]
INFO: [Synth 8-6157] synthesizing module 'P1_R_Rom' [C:/Users/z1528/Desktop/SEA_S7/Tests/Game/Project/Project.runs/synth_1/.Xil/Vivado-1044-ghost01/realtime/P1_R_Rom_stub.v:6]
INFO: [Synth 8-6155] done synthesizing module 'P1_R_Rom' (5#1) [C:/Users/z1528/Desktop/SEA_S7/Tests/Game/Project/Project.runs/synth_1/.Xil/Vivado-1044-ghost01/realtime/P1_R_Rom_stub.v:6]
INFO: [Synth 8-6157] synthesizing module 'P1_G_Rom' [C:/Users/z1528/Desktop/SEA_S7/Tests/Game/Project/Project.runs/synth_1/.Xil/Vivado-1044-ghost01/realtime/P1_G_Rom_stub.v:6]
INFO: [Synth 8-6155] done synthesizing module 'P1_G_Rom' (6#1) [C:/Users/z1528/Desktop/SEA_S7/Tests/Game/Project/Project.runs/synth_1/.Xil/Vivado-1044-ghost01/realtime/P1_G_Rom_stub.v:6]
INFO: [Synth 8-6157] synthesizing module 'Box_R_Rom' [C:/Users/z1528/Desktop/SEA_S7/Tests/Game/Project/Project.runs/synth_1/.Xil/Vivado-1044-ghost01/realtime/Box_R_Rom_stub.v:6]
INFO: [Synth 8-6155] done synthesizing module 'Box_R_Rom' (7#1) [C:/Users/z1528/Desktop/SEA_S7/Tests/Game/Project/Project.runs/synth_1/.Xil/Vivado-1044-ghost01/realtime/Box_R_Rom_stub.v:6]
INFO: [Synth 8-6157] synthesizing module 'Box_G_Rom' [C:/Users/z1528/Desktop/SEA_S7/Tests/Game/Project/Project.runs/synth_1/.Xil/Vivado-1044-ghost01/realtime/Box_G_Rom_stub.v:6]
INFO: [Synth 8-6155] done synthesizing module 'Box_G_Rom' (8#1) [C:/Users/z1528/Desktop/SEA_S7/Tests/Game/Project/Project.runs/synth_1/.Xil/Vivado-1044-ghost01/realtime/Box_G_Rom_stub.v:6]
INFO: [Synth 8-6157] synthesizing module 'Box_B_Rom' [C:/Users/z1528/Desktop/SEA_S7/Tests/Game/Project/Project.runs/synth_1/.Xil/Vivado-1044-ghost01/realtime/Box_B_Rom_stub.v:6]
INFO: [Synth 8-6155] done synthesizing module 'Box_B_Rom' (9#1) [C:/Users/z1528/Desktop/SEA_S7/Tests/Game/Project/Project.runs/synth_1/.Xil/Vivado-1044-ghost01/realtime/Box_B_Rom_stub.v:6]
INFO: [Synth 8-6157] synthesizing module 'mult' [C:/Users/z1528/Desktop/SEA_S7/Tests/Game/Project/Project.runs/synth_1/.Xil/Vivado-1044-ghost01/realtime/mult_stub.v:6]
INFO: [Synth 8-6155] done synthesizing module 'mult' (10#1) [C:/Users/z1528/Desktop/SEA_S7/Tests/Game/Project/Project.runs/synth_1/.Xil/Vivado-1044-ghost01/realtime/mult_stub.v:6]
INFO: [Synth 8-6155] done synthesizing module 'Game_Snake' (11#1) [C:/Users/z1528/Desktop/SEA_S7/Tests/Game/Project/Project.srcs/sources_1/new/Game_Snake.v:1]
INFO: [Synth 8-6155] done synthesizing module 'Top' (12#1) [C:/Users/z1528/Desktop/SEA_S7/Tests/Game/Project/Project.srcs/sources_1/new/Top.v:1]
---------------------------------------------------------------------------------
Finished RTL Elaboration : Time (s): cpu = 00:00:07 ; elapsed = 00:00:06 . Memory (MB): peak = 569.156 ; gain = 191.656
---------------------------------------------------------------------------------

Report Check Netlist: 
+------+------------------+-------+---------+-------+------------------+
|      |Item              |Errors |Warnings |Status |Description       |
+------+------------------+-------+---------+-------+------------------+
|1     |multi_driven_nets |      0|        0|Passed |Multi driven nets |
+------+------------------+-------+---------+-------+------------------+
---------------------------------------------------------------------------------
Start Handling Custom Attributes
---------------------------------------------------------------------------------
---------------------------------------------------------------------------------
Finished Handling Custom Attributes : Time (s): cpu = 00:00:07 ; elapsed = 00:00:07 . Memory (MB): peak = 569.156 ; gain = 191.656
---------------------------------------------------------------------------------
---------------------------------------------------------------------------------
Finished RTL Optimization Phase 1 : Time (s): cpu = 00:00:07 ; elapsed = 00:00:07 . Memory (MB): peak = 569.156 ; gain = 191.656
---------------------------------------------------------------------------------
INFO: [Device 21-403] Loading part xc7s15ftgb196-1
INFO: [Project 1-570] Preparing netlist for logic optimization

Processing XDC Constraints
Initializing timing engine
Parsing XDC File [c:/Users/z1528/Desktop/SEA_S7/Tests/Game/Project/Project.srcs/sources_1/ip/clk_wiz_0/clk_wiz_0/clk_wiz_0_in_context.xdc] for cell 'clk_10'
Finished Parsing XDC File [c:/Users/z1528/Desktop/SEA_S7/Tests/Game/Project/Project.srcs/sources_1/ip/clk_wiz_0/clk_wiz_0/clk_wiz_0_in_context.xdc] for cell 'clk_10'
Parsing XDC File [c:/Users/z1528/Desktop/SEA_S7/Tests/Game/Project/Project.srcs/sources_1/ip/rgb2dvi_0/rgb2dvi_0/rgb2dvi_0_in_context.xdc] for cell 'rgb2dvi'
Finished Parsing XDC File [c:/Users/z1528/Desktop/SEA_S7/Tests/Game/Project/Project.srcs/sources_1/ip/rgb2dvi_0/rgb2dvi_0/rgb2dvi_0_in_context.xdc] for cell 'rgb2dvi'
Parsing XDC File [c:/Users/z1528/Desktop/SEA_S7/Tests/Game/Project/Project.srcs/sources_1/ip/mult/mult/mult_in_context.xdc] for cell 'snake/foodx'
Finished Parsing XDC File [c:/Users/z1528/Desktop/SEA_S7/Tests/Game/Project/Project.srcs/sources_1/ip/mult/mult/mult_in_context.xdc] for cell 'snake/foodx'
Parsing XDC File [c:/Users/z1528/Desktop/SEA_S7/Tests/Game/Project/Project.srcs/sources_1/ip/mult/mult/mult_in_context.xdc] for cell 'snake/foody'
Finished Parsing XDC File [c:/Users/z1528/Desktop/SEA_S7/Tests/Game/Project/Project.srcs/sources_1/ip/mult/mult/mult_in_context.xdc] for cell 'snake/foody'
Parsing XDC File [c:/Users/z1528/Desktop/SEA_S7/Tests/Game/Project/Project.srcs/sources_1/ip/mult/mult/mult_in_context.xdc] for cell 'snake/snakex_0'
Finished Parsing XDC File [c:/Users/z1528/Desktop/SEA_S7/Tests/Game/Project/Project.srcs/sources_1/ip/mult/mult/mult_in_context.xdc] for cell 'snake/snakex_0'
Parsing XDC File [c:/Users/z1528/Desktop/SEA_S7/Tests/Game/Project/Project.srcs/sources_1/ip/mult/mult/mult_in_context.xdc] for cell 'snake/snakey_0'
Finished Parsing XDC File [c:/Users/z1528/Desktop/SEA_S7/Tests/Game/Project/Project.srcs/sources_1/ip/mult/mult/mult_in_context.xdc] for cell 'snake/snakey_0'
Parsing XDC File [c:/Users/z1528/Desktop/SEA_S7/Tests/Game/Project/Project.srcs/sources_1/ip/mult/mult/mult_in_context.xdc] for cell 'snake/snakex_1'
Finished Parsing XDC File [c:/Users/z1528/Desktop/SEA_S7/Tests/Game/Project/Project.srcs/sources_1/ip/mult/mult/mult_in_context.xdc] for cell 'snake/snakex_1'
Parsing XDC File [c:/Users/z1528/Desktop/SEA_S7/Tests/Game/Project/Project.srcs/sources_1/ip/mult/mult/mult_in_context.xdc] for cell 'snake/snakey_1'
Finished Parsing XDC File [c:/Users/z1528/Desktop/SEA_S7/Tests/Game/Project/Project.srcs/sources_1/ip/mult/mult/mult_in_context.xdc] for cell 'snake/snakey_1'
Parsing XDC File [c:/Users/z1528/Desktop/SEA_S7/Tests/Game/Project/Project.srcs/sources_1/ip/mult/mult/mult_in_context.xdc] for cell 'snake/snakex_2'
Finished Parsing XDC File [c:/Users/z1528/Desktop/SEA_S7/Tests/Game/Project/Project.srcs/sources_1/ip/mult/mult/mult_in_context.xdc] for cell 'snake/snakex_2'
Parsing XDC File [c:/Users/z1528/Desktop/SEA_S7/Tests/Game/Project/Project.srcs/sources_1/ip/mult/mult/mult_in_context.xdc] for cell 'snake/snakey_2'
Finished Parsing XDC File [c:/Users/z1528/Desktop/SEA_S7/Tests/Game/Project/Project.srcs/sources_1/ip/mult/mult/mult_in_context.xdc] for cell 'snake/snakey_2'
Parsing XDC File [c:/Users/z1528/Desktop/SEA_S7/Tests/Game/Project/Project.srcs/sources_1/ip/mult/mult/mult_in_context.xdc] for cell 'snake/snakex_3'
Finished Parsing XDC File [c:/Users/z1528/Desktop/SEA_S7/Tests/Game/Project/Project.srcs/sources_1/ip/mult/mult/mult_in_context.xdc] for cell 'snake/snakex_3'
Parsing XDC File [c:/Users/z1528/Desktop/SEA_S7/Tests/Game/Project/Project.srcs/sources_1/ip/mult/mult/mult_in_context.xdc] for cell 'snake/snakey_3'
Finished Parsing XDC File [c:/Users/z1528/Desktop/SEA_S7/Tests/Game/Project/Project.srcs/sources_1/ip/mult/mult/mult_in_context.xdc] for cell 'snake/snakey_3'
Parsing XDC File [c:/Users/z1528/Desktop/SEA_S7/Tests/Game/Project/Project.srcs/sources_1/ip/mult/mult/mult_in_context.xdc] for cell 'snake/snakex_4'
Finished Parsing XDC File [c:/Users/z1528/Desktop/SEA_S7/Tests/Game/Project/Project.srcs/sources_1/ip/mult/mult/mult_in_context.xdc] for cell 'snake/snakex_4'
Parsing XDC File [c:/Users/z1528/Desktop/SEA_S7/Tests/Game/Project/Project.srcs/sources_1/ip/mult/mult/mult_in_context.xdc] for cell 'snake/snakey_4'
Finished Parsing XDC File [c:/Users/z1528/Desktop/SEA_S7/Tests/Game/Project/Project.srcs/sources_1/ip/mult/mult/mult_in_context.xdc] for cell 'snake/snakey_4'
Parsing XDC File [c:/Users/z1528/Desktop/SEA_S7/Tests/Game/Project/Project.srcs/sources_1/ip/mult/mult/mult_in_context.xdc] for cell 'snake/snakex_5'
Finished Parsing XDC File [c:/Users/z1528/Desktop/SEA_S7/Tests/Game/Project/Project.srcs/sources_1/ip/mult/mult/mult_in_context.xdc] for cell 'snake/snakex_5'
Parsing XDC File [c:/Users/z1528/Desktop/SEA_S7/Tests/Game/Project/Project.srcs/sources_1/ip/mult/mult/mult_in_context.xdc] for cell 'snake/snakey_5'
Finished Parsing XDC File [c:/Users/z1528/Desktop/SEA_S7/Tests/Game/Project/Project.srcs/sources_1/ip/mult/mult/mult_in_context.xdc] for cell 'snake/snakey_5'
Parsing XDC File [c:/Users/z1528/Desktop/SEA_S7/Tests/Game/Project/Project.srcs/sources_1/ip/mult/mult/mult_in_context.xdc] for cell 'snake/snakex_6'
Finished Parsing XDC File [c:/Users/z1528/Desktop/SEA_S7/Tests/Game/Project/Project.srcs/sources_1/ip/mult/mult/mult_in_context.xdc] for cell 'snake/snakex_6'
Parsing XDC File [c:/Users/z1528/Desktop/SEA_S7/Tests/Game/Project/Project.srcs/sources_1/ip/mult/mult/mult_in_context.xdc] for cell 'snake/snakey_6'
Finished Parsing XDC File [c:/Users/z1528/Desktop/SEA_S7/Tests/Game/Project/Project.srcs/sources_1/ip/mult/mult/mult_in_context.xdc] for cell 'snake/snakey_6'
Parsing XDC File [c:/Users/z1528/Desktop/SEA_S7/Tests/Game/Project/Project.srcs/sources_1/ip/mult/mult/mult_in_context.xdc] for cell 'snake/snakex_7'
Finished Parsing XDC File [c:/Users/z1528/Desktop/SEA_S7/Tests/Game/Project/Project.srcs/sources_1/ip/mult/mult/mult_in_context.xdc] for cell 'snake/snakex_7'
Parsing XDC File [c:/Users/z1528/Desktop/SEA_S7/Tests/Game/Project/Project.srcs/sources_1/ip/mult/mult/mult_in_context.xdc] for cell 'snake/snakey_7'
Finished Parsing XDC File [c:/Users/z1528/Desktop/SEA_S7/Tests/Game/Project/Project.srcs/sources_1/ip/mult/mult/mult_in_context.xdc] for cell 'snake/snakey_7'
Parsing XDC File [c:/Users/z1528/Desktop/SEA_S7/Tests/Game/Project/Project.srcs/sources_1/ip/mult/mult/mult_in_context.xdc] for cell 'snake/snakex_8'
Finished Parsing XDC File [c:/Users/z1528/Desktop/SEA_S7/Tests/Game/Project/Project.srcs/sources_1/ip/mult/mult/mult_in_context.xdc] for cell 'snake/snakex_8'
Parsing XDC File [c:/Users/z1528/Desktop/SEA_S7/Tests/Game/Project/Project.srcs/sources_1/ip/mult/mult/mult_in_context.xdc] for cell 'snake/snakey_8'
Finished Parsing XDC File [c:/Users/z1528/Desktop/SEA_S7/Tests/Game/Project/Project.srcs/sources_1/ip/mult/mult/mult_in_context.xdc] for cell 'snake/snakey_8'
Parsing XDC File [c:/Users/z1528/Desktop/SEA_S7/Tests/Game/Project/Project.srcs/sources_1/ip/mult/mult/mult_in_context.xdc] for cell 'snake/snakex_9'
Finished Parsing XDC File [c:/Users/z1528/Desktop/SEA_S7/Tests/Game/Project/Project.srcs/sources_1/ip/mult/mult/mult_in_context.xdc] for cell 'snake/snakex_9'
Parsing XDC File [c:/Users/z1528/Desktop/SEA_S7/Tests/Game/Project/Project.srcs/sources_1/ip/mult/mult/mult_in_context.xdc] for cell 'snake/snakey_9'
Finished Parsing XDC File [c:/Users/z1528/Desktop/SEA_S7/Tests/Game/Project/Project.srcs/sources_1/ip/mult/mult/mult_in_context.xdc] for cell 'snake/snakey_9'
Parsing XDC File [c:/Users/z1528/Desktop/SEA_S7/Tests/Game/Project/Project.srcs/sources_1/ip/mult/mult/mult_in_context.xdc] for cell 'snake/snakex_10'
Finished Parsing XDC File [c:/Users/z1528/Desktop/SEA_S7/Tests/Game/Project/Project.srcs/sources_1/ip/mult/mult/mult_in_context.xdc] for cell 'snake/snakex_10'
Parsing XDC File [c:/Users/z1528/Desktop/SEA_S7/Tests/Game/Project/Project.srcs/sources_1/ip/mult/mult/mult_in_context.xdc] for cell 'snake/snakey_10'
Finished Parsing XDC File [c:/Users/z1528/Desktop/SEA_S7/Tests/Game/Project/Project.srcs/sources_1/ip/mult/mult/mult_in_context.xdc] for cell 'snake/snakey_10'
Parsing XDC File [c:/Users/z1528/Desktop/SEA_S7/Tests/Game/Project/Project.srcs/sources_1/ip/mult/mult/mult_in_context.xdc] for cell 'snake/snakex_11'
Finished Parsing XDC File [c:/Users/z1528/Desktop/SEA_S7/Tests/Game/Project/Project.srcs/sources_1/ip/mult/mult/mult_in_context.xdc] for cell 'snake/snakex_11'
Parsing XDC File [c:/Users/z1528/Desktop/SEA_S7/Tests/Game/Project/Project.srcs/sources_1/ip/mult/mult/mult_in_context.xdc] for cell 'snake/snakey_11'
Finished Parsing XDC File [c:/Users/z1528/Desktop/SEA_S7/Tests/Game/Project/Project.srcs/sources_1/ip/mult/mult/mult_in_context.xdc] for cell 'snake/snakey_11'
Parsing XDC File [c:/Users/z1528/Desktop/SEA_S7/Tests/Game/Project/Project.srcs/sources_1/ip/mult/mult/mult_in_context.xdc] for cell 'snake/snakex_12'
Finished Parsing XDC File [c:/Users/z1528/Desktop/SEA_S7/Tests/Game/Project/Project.srcs/sources_1/ip/mult/mult/mult_in_context.xdc] for cell 'snake/snakex_12'
Parsing XDC File [c:/Users/z1528/Desktop/SEA_S7/Tests/Game/Project/Project.srcs/sources_1/ip/mult/mult/mult_in_context.xdc] for cell 'snake/snakey_12'
Finished Parsing XDC File [c:/Users/z1528/Desktop/SEA_S7/Tests/Game/Project/Project.srcs/sources_1/ip/mult/mult/mult_in_context.xdc] for cell 'snake/snakey_12'
Parsing XDC File [c:/Users/z1528/Desktop/SEA_S7/Tests/Game/Project/Project.srcs/sources_1/ip/mult/mult/mult_in_context.xdc] for cell 'snake/snakex_13'
Finished Parsing XDC File [c:/Users/z1528/Desktop/SEA_S7/Tests/Game/Project/Project.srcs/sources_1/ip/mult/mult/mult_in_context.xdc] for cell 'snake/snakex_13'
Parsing XDC File [c:/Users/z1528/Desktop/SEA_S7/Tests/Game/Project/Project.srcs/sources_1/ip/mult/mult/mult_in_context.xdc] for cell 'snake/snakey_13'
Finished Parsing XDC File [c:/Users/z1528/Desktop/SEA_S7/Tests/Game/Project/Project.srcs/sources_1/ip/mult/mult/mult_in_context.xdc] for cell 'snake/snakey_13'
Parsing XDC File [c:/Users/z1528/Desktop/SEA_S7/Tests/Game/Project/Project.srcs/sources_1/ip/mult/mult/mult_in_context.xdc] for cell 'snake/snakex_14'
Finished Parsing XDC File [c:/Users/z1528/Desktop/SEA_S7/Tests/Game/Project/Project.srcs/sources_1/ip/mult/mult/mult_in_context.xdc] for cell 'snake/snakex_14'
Parsing XDC File [c:/Users/z1528/Desktop/SEA_S7/Tests/Game/Project/Project.srcs/sources_1/ip/mult/mult/mult_in_context.xdc] for cell 'snake/snakey_14'
Finished Parsing XDC File [c:/Users/z1528/Desktop/SEA_S7/Tests/Game/Project/Project.srcs/sources_1/ip/mult/mult/mult_in_context.xdc] for cell 'snake/snakey_14'
Parsing XDC File [c:/Users/z1528/Desktop/SEA_S7/Tests/Game/Project/Project.srcs/sources_1/ip/mult/mult/mult_in_context.xdc] for cell 'snake/snakex_15'
Finished Parsing XDC File [c:/Users/z1528/Desktop/SEA_S7/Tests/Game/Project/Project.srcs/sources_1/ip/mult/mult/mult_in_context.xdc] for cell 'snake/snakex_15'
Parsing XDC File [c:/Users/z1528/Desktop/SEA_S7/Tests/Game/Project/Project.srcs/sources_1/ip/mult/mult/mult_in_context.xdc] for cell 'snake/snakey_15'
Finished Parsing XDC File [c:/Users/z1528/Desktop/SEA_S7/Tests/Game/Project/Project.srcs/sources_1/ip/mult/mult/mult_in_context.xdc] for cell 'snake/snakey_15'
Parsing XDC File [c:/Users/z1528/Desktop/SEA_S7/Tests/Game/Project/Project.srcs/sources_1/ip/mult/mult/mult_in_context.xdc] for cell 'snake/snakex_16'
Finished Parsing XDC File [c:/Users/z1528/Desktop/SEA_S7/Tests/Game/Project/Project.srcs/sources_1/ip/mult/mult/mult_in_context.xdc] for cell 'snake/snakex_16'
Parsing XDC File [c:/Users/z1528/Desktop/SEA_S7/Tests/Game/Project/Project.srcs/sources_1/ip/mult/mult/mult_in_context.xdc] for cell 'snake/snakey_16'
Finished Parsing XDC File [c:/Users/z1528/Desktop/SEA_S7/Tests/Game/Project/Project.srcs/sources_1/ip/mult/mult/mult_in_context.xdc] for cell 'snake/snakey_16'
Parsing XDC File [c:/Users/z1528/Desktop/SEA_S7/Tests/Game/Project/Project.srcs/sources_1/ip/Box_R_Rom/Box_R_Rom/Box_R_Rom_in_context.xdc] for cell 'snake/Box_R'
Finished Parsing XDC File [c:/Users/z1528/Desktop/SEA_S7/Tests/Game/Project/Project.srcs/sources_1/ip/Box_R_Rom/Box_R_Rom/Box_R_Rom_in_context.xdc] for cell 'snake/Box_R'
Parsing XDC File [c:/Users/z1528/Desktop/SEA_S7/Tests/Game/Project/Project.srcs/sources_1/ip/Box_G_Rom/Box_G_Rom/Box_G_Rom_in_context.xdc] for cell 'snake/Box_G'
Finished Parsing XDC File [c:/Users/z1528/Desktop/SEA_S7/Tests/Game/Project/Project.srcs/sources_1/ip/Box_G_Rom/Box_G_Rom/Box_G_Rom_in_context.xdc] for cell 'snake/Box_G'
Parsing XDC File [c:/Users/z1528/Desktop/SEA_S7/Tests/Game/Project/Project.srcs/sources_1/ip/Box_B_Rom/Box_B_Rom/Box_B_Rom_in_context.xdc] for cell 'snake/Box_B'
Finished Parsing XDC File [c:/Users/z1528/Desktop/SEA_S7/Tests/Game/Project/Project.srcs/sources_1/ip/Box_B_Rom/Box_B_Rom/Box_B_Rom_in_context.xdc] for cell 'snake/Box_B'
Parsing XDC File [c:/Users/z1528/Desktop/SEA_S7/Tests/Game/Project/Project.srcs/sources_1/ip/P1_R_Rom/P1_R_Rom/P1_R_Rom_in_context.xdc] for cell 'snake/P1_R'
Finished Parsing XDC File [c:/Users/z1528/Desktop/SEA_S7/Tests/Game/Project/Project.srcs/sources_1/ip/P1_R_Rom/P1_R_Rom/P1_R_Rom_in_context.xdc] for cell 'snake/P1_R'
Parsing XDC File [c:/Users/z1528/Desktop/SEA_S7/Tests/Game/Project/Project.srcs/sources_1/ip/P1_G_Rom/P1_G_Rom/P1_G_Rom_in_context.xdc] for cell 'snake/P1_G'
Finished Parsing XDC File [c:/Users/z1528/Desktop/SEA_S7/Tests/Game/Project/Project.srcs/sources_1/ip/P1_G_Rom/P1_G_Rom/P1_G_Rom_in_context.xdc] for cell 'snake/P1_G'
Parsing XDC File [c:/Users/z1528/Desktop/SEA_S7/Tests/Game/Project/Project.srcs/sources_1/ip/P1_B_Rom/P1_B_Rom/P1_B_Rom_in_context.xdc] for cell 'snake/P1_B'
Finished Parsing XDC File [c:/Users/z1528/Desktop/SEA_S7/Tests/Game/Project/Project.srcs/sources_1/ip/P1_B_Rom/P1_B_Rom/P1_B_Rom_in_context.xdc] for cell 'snake/P1_B'
Parsing XDC File [C:/Users/z1528/Desktop/SEA_S7/Tests/Game/Project/Project.srcs/constrs_1/new/system.xdc]
Finished Parsing XDC File [C:/Users/z1528/Desktop/SEA_S7/Tests/Game/Project/Project.srcs/constrs_1/new/system.xdc]
INFO: [Project 1-236] Implementation specific constraints were found while reading constraint file [C:/Users/z1528/Desktop/SEA_S7/Tests/Game/Project/Project.srcs/constrs_1/new/system.xdc]. These constraints will be ignored for synthesis but will be used in implementation. Impacted constraints are listed in the file [.Xil/Top_propImpl.xdc].
Resolution: To avoid this warning, move constraints listed in [.Xil/Top_propImpl.xdc] to another XDC file and exclude this new file from synthesis with the used_in_synthesis property (File Properties dialog in GUI) and re-run elaboration/synthesis.
Netlist sorting complete. Time (s): cpu = 00:00:00 ; elapsed = 00:00:00.001 . Memory (MB): peak = 875.059 ; gain = 0.000
Completed Processing XDC Constraints

Netlist sorting complete. Time (s): cpu = 00:00:00 ; elapsed = 00:00:00.001 . Memory (MB): peak = 875.105 ; gain = 0.000
INFO: [Project 1-111] Unisim Transformation Summary:
No Unisim elements were transformed.

Netlist sorting complete. Time (s): cpu = 00:00:00 ; elapsed = 00:00:00.001 . Memory (MB): peak = 875.105 ; gain = 0.000
Constraint Validation Runtime : Time (s): cpu = 00:00:00 ; elapsed = 00:00:00.014 . Memory (MB): peak = 875.176 ; gain = 0.070
WARNING: [Timing 38-316] Clock period '20.000' specified during out-of-context synthesis of instance 'snake/Box_B' at clock pin 'clka' is different from the actual clock period '13.468', this can lead to different synthesis results.
WARNING: [Timing 38-316] Clock period '20.000' specified during out-of-context synthesis of instance 'snake/Box_G' at clock pin 'clka' is different from the actual clock period '13.468', this can lead to different synthesis results.
WARNING: [Timing 38-316] Clock period '20.000' specified during out-of-context synthesis of instance 'snake/Box_R' at clock pin 'clka' is different from the actual clock period '13.468', this can lead to different synthesis results.
WARNING: [Timing 38-316] Clock period '20.000' specified during out-of-context synthesis of instance 'snake/P1_B' at clock pin 'clka' is different from the actual clock period '13.468', this can lead to different synthesis results.
WARNING: [Timing 38-316] Clock period '20.000' specified during out-of-context synthesis of instance 'snake/P1_G' at clock pin 'clka' is different from the actual clock period '13.468', this can lead to different synthesis results.
WARNING: [Timing 38-316] Clock period '20.000' specified during out-of-context synthesis of instance 'snake/P1_R' at clock pin 'clka' is different from the actual clock period '13.468', this can lead to different synthesis results.
WARNING: [Timing 38-316] Clock period '100.000' specified during out-of-context synthesis of instance 'snake/foodx' at clock pin 'CLK' is different from the actual clock period '13.468', this can lead to different synthesis results.
WARNING: [Timing 38-316] Clock period '100.000' specified during out-of-context synthesis of instance 'snake/foody' at clock pin 'CLK' is different from the actual clock period '13.468', this can lead to different synthesis results.
WARNING: [Timing 38-316] Clock period '100.000' specified during out-of-context synthesis of instance 'snake/snakex_0' at clock pin 'CLK' is different from the actual clock period '13.468', this can lead to different synthesis results.
WARNING: [Timing 38-316] Clock period '100.000' specified during out-of-context synthesis of instance 'snake/snakex_1' at clock pin 'CLK' is different from the actual clock period '13.468', this can lead to different synthesis results.
WARNING: [Timing 38-316] Clock period '100.000' specified during out-of-context synthesis of instance 'snake/snakex_10' at clock pin 'CLK' is different from the actual clock period '13.468', this can lead to different synthesis results.
WARNING: [Timing 38-316] Clock period '100.000' specified during out-of-context synthesis of instance 'snake/snakex_11' at clock pin 'CLK' is different from the actual clock period '13.468', this can lead to different synthesis results.
WARNING: [Timing 38-316] Clock period '100.000' specified during out-of-context synthesis of instance 'snake/snakex_12' at clock pin 'CLK' is different from the actual clock period '13.468', this can lead to different synthesis results.
WARNING: [Timing 38-316] Clock period '100.000' specified during out-of-context synthesis of instance 'snake/snakex_13' at clock pin 'CLK' is different from the actual clock period '13.468', this can lead to different synthesis results.
WARNING: [Timing 38-316] Clock period '100.000' specified during out-of-context synthesis of instance 'snake/snakex_14' at clock pin 'CLK' is different from the actual clock period '13.468', this can lead to different synthesis results.
WARNING: [Timing 38-316] Clock period '100.000' specified during out-of-context synthesis of instance 'snake/snakex_15' at clock pin 'CLK' is different from the actual clock period '13.468', this can lead to different synthesis results.
WARNING: [Timing 38-316] Clock period '100.000' specified during out-of-context synthesis of instance 'snake/snakex_16' at clock pin 'CLK' is different from the actual clock period '13.468', this can lead to different synthesis results.
WARNING: [Timing 38-316] Clock period '100.000' specified during out-of-context synthesis of instance 'snake/snakex_2' at clock pin 'CLK' is different from the actual clock period '13.468', this can lead to different synthesis results.
WARNING: [Timing 38-316] Clock period '100.000' specified during out-of-context synthesis of instance 'snake/snakex_3' at clock pin 'CLK' is different from the actual clock period '13.468', this can lead to different synthesis results.
WARNING: [Timing 38-316] Clock period '100.000' specified during out-of-context synthesis of instance 'snake/snakex_4' at clock pin 'CLK' is different from the actual clock period '13.468', this can lead to different synthesis results.
WARNING: [Timing 38-316] Clock period '100.000' specified during out-of-context synthesis of instance 'snake/snakex_5' at clock pin 'CLK' is different from the actual clock period '13.468', this can lead to different synthesis results.
WARNING: [Timing 38-316] Clock period '100.000' specified during out-of-context synthesis of instance 'snake/snakex_6' at clock pin 'CLK' is different from the actual clock period '13.468', this can lead to different synthesis results.
WARNING: [Timing 38-316] Clock period '100.000' specified during out-of-context synthesis of instance 'snake/snakex_7' at clock pin 'CLK' is different from the actual clock period '13.468', this can lead to different synthesis results.
WARNING: [Timing 38-316] Clock period '100.000' specified during out-of-context synthesis of instance 'snake/snakex_8' at clock pin 'CLK' is different from the actual clock period '13.468', this can lead to different synthesis results.
WARNING: [Timing 38-316] Clock period '100.000' specified during out-of-context synthesis of instance 'snake/snakex_9' at clock pin 'CLK' is different from the actual clock period '13.468', this can lead to different synthesis results.
WARNING: [Timing 38-316] Clock period '100.000' specified during out-of-context synthesis of instance 'snake/snakey_0' at clock pin 'CLK' is different from the actual clock period '13.468', this can lead to different synthesis results.
WARNING: [Timing 38-316] Clock period '100.000' specified during out-of-context synthesis of instance 'snake/snakey_1' at clock pin 'CLK' is different from the actual clock period '13.468', this can lead to different synthesis results.
WARNING: [Timing 38-316] Clock period '100.000' specified during out-of-context synthesis of instance 'snake/snakey_10' at clock pin 'CLK' is different from the actual clock period '13.468', this can lead to different synthesis results.
WARNING: [Timing 38-316] Clock period '100.000' specified during out-of-context synthesis of instance 'snake/snakey_11' at clock pin 'CLK' is different from the actual clock period '13.468', this can lead to different synthesis results.
WARNING: [Timing 38-316] Clock period '100.000' specified during out-of-context synthesis of instance 'snake/snakey_12' at clock pin 'CLK' is different from the actual clock period '13.468', this can lead to different synthesis results.
WARNING: [Timing 38-316] Clock period '100.000' specified during out-of-context synthesis of instance 'snake/snakey_13' at clock pin 'CLK' is different from the actual clock period '13.468', this can lead to different synthesis results.
WARNING: [Timing 38-316] Clock period '100.000' specified during out-of-context synthesis of instance 'snake/snakey_14' at clock pin 'CLK' is different from the actual clock period '13.468', this can lead to different synthesis results.
WARNING: [Timing 38-316] Clock period '100.000' specified during out-of-context synthesis of instance 'snake/snakey_15' at clock pin 'CLK' is different from the actual clock period '13.468', this can lead to different synthesis results.
WARNING: [Timing 38-316] Clock period '100.000' specified during out-of-context synthesis of instance 'snake/snakey_16' at clock pin 'CLK' is different from the actual clock period '13.468', this can lead to different synthesis results.
WARNING: [Timing 38-316] Clock period '100.000' specified during out-of-context synthesis of instance 'snake/snakey_2' at clock pin 'CLK' is different from the actual clock period '13.468', this can lead to different synthesis results.
WARNING: [Timing 38-316] Clock period '100.000' specified during out-of-context synthesis of instance 'snake/snakey_3' at clock pin 'CLK' is different from the actual clock period '13.468', this can lead to different synthesis results.
WARNING: [Timing 38-316] Clock period '100.000' specified during out-of-context synthesis of instance 'snake/snakey_4' at clock pin 'CLK' is different from the actual clock period '13.468', this can lead to different synthesis results.
WARNING: [Timing 38-316] Clock period '100.000' specified during out-of-context synthesis of instance 'snake/snakey_5' at clock pin 'CLK' is different from the actual clock period '13.468', this can lead to different synthesis results.
WARNING: [Timing 38-316] Clock period '100.000' specified during out-of-context synthesis of instance 'snake/snakey_6' at clock pin 'CLK' is different from the actual clock period '13.468', this can lead to different synthesis results.
WARNING: [Timing 38-316] Clock period '100.000' specified during out-of-context synthesis of instance 'snake/snakey_7' at clock pin 'CLK' is different from the actual clock period '13.468', this can lead to different synthesis results.
WARNING: [Timing 38-316] Clock period '100.000' specified during out-of-context synthesis of instance 'snake/snakey_8' at clock pin 'CLK' is different from the actual clock period '13.468', this can lead to different synthesis results.
WARNING: [Timing 38-316] Clock period '100.000' specified during out-of-context synthesis of instance 'snake/snakey_9' at clock pin 'CLK' is different from the actual clock period '13.468', this can lead to different synthesis results.
---------------------------------------------------------------------------------
Finished Constraint Validation : Time (s): cpu = 00:00:21 ; elapsed = 00:00:19 . Memory (MB): peak = 876.758 ; gain = 499.258
---------------------------------------------------------------------------------
---------------------------------------------------------------------------------
Start Loading Part and Timing Information
---------------------------------------------------------------------------------
Loading part: xc7s15ftgb196-1
---------------------------------------------------------------------------------
Finished Loading Part and Timing Information : Time (s): cpu = 00:00:21 ; elapsed = 00:00:19 . Memory (MB): peak = 876.758 ; gain = 499.258
---------------------------------------------------------------------------------
---------------------------------------------------------------------------------
Start Applying 'set_property' XDC Constraints
---------------------------------------------------------------------------------
Applied set_property IO_BUFFER_TYPE = NONE for clk_100MHz. (constraint file  c:/Users/z1528/Desktop/SEA_S7/Tests/Game/Project/Project.srcs/sources_1/ip/clk_wiz_0/clk_wiz_0/clk_wiz_0_in_context.xdc, line 3).
Applied set_property CLOCK_BUFFER_TYPE = NONE for clk_100MHz. (constraint file  c:/Users/z1528/Desktop/SEA_S7/Tests/Game/Project/Project.srcs/sources_1/ip/clk_wiz_0/clk_wiz_0/clk_wiz_0_in_context.xdc, line 4).
Applied set_property IO_BUFFER_TYPE = NONE for TMDS_Tx_Clk_N. (constraint file  c:/Users/z1528/Desktop/SEA_S7/Tests/Game/Project/Project.srcs/sources_1/ip/rgb2dvi_0/rgb2dvi_0/rgb2dvi_0_in_context.xdc, line 1).
Applied set_property CLOCK_BUFFER_TYPE = NONE for TMDS_Tx_Clk_N. (constraint file  c:/Users/z1528/Desktop/SEA_S7/Tests/Game/Project/Project.srcs/sources_1/ip/rgb2dvi_0/rgb2dvi_0/rgb2dvi_0_in_context.xdc, line 2).
Applied set_property IO_BUFFER_TYPE = NONE for TMDS_Tx_Clk_P. (constraint file  c:/Users/z1528/Desktop/SEA_S7/Tests/Game/Project/Project.srcs/sources_1/ip/rgb2dvi_0/rgb2dvi_0/rgb2dvi_0_in_context.xdc, line 3).
Applied set_property CLOCK_BUFFER_TYPE = NONE for TMDS_Tx_Clk_P. (constraint file  c:/Users/z1528/Desktop/SEA_S7/Tests/Game/Project/Project.srcs/sources_1/ip/rgb2dvi_0/rgb2dvi_0/rgb2dvi_0_in_context.xdc, line 4).
Applied set_property IO_BUFFER_TYPE = NONE for TMDS_Tx_Data_N[0]. (constraint file  c:/Users/z1528/Desktop/SEA_S7/Tests/Game/Project/Project.srcs/sources_1/ip/rgb2dvi_0/rgb2dvi_0/rgb2dvi_0_in_context.xdc, line 5).
Applied set_property CLOCK_BUFFER_TYPE = NONE for TMDS_Tx_Data_N[0]. (constraint file  c:/Users/z1528/Desktop/SEA_S7/Tests/Game/Project/Project.srcs/sources_1/ip/rgb2dvi_0/rgb2dvi_0/rgb2dvi_0_in_context.xdc, line 6).
Applied set_property IO_BUFFER_TYPE = NONE for TMDS_Tx_Data_N[1]. (constraint file  c:/Users/z1528/Desktop/SEA_S7/Tests/Game/Project/Project.srcs/sources_1/ip/rgb2dvi_0/rgb2dvi_0/rgb2dvi_0_in_context.xdc, line 7).
Applied set_property CLOCK_BUFFER_TYPE = NONE for TMDS_Tx_Data_N[1]. (constraint file  c:/Users/z1528/Desktop/SEA_S7/Tests/Game/Project/Project.srcs/sources_1/ip/rgb2dvi_0/rgb2dvi_0/rgb2dvi_0_in_context.xdc, line 8).
Applied set_property IO_BUFFER_TYPE = NONE for TMDS_Tx_Data_N[2]. (constraint file  c:/Users/z1528/Desktop/SEA_S7/Tests/Game/Project/Project.srcs/sources_1/ip/rgb2dvi_0/rgb2dvi_0/rgb2dvi_0_in_context.xdc, line 9).
Applied set_property CLOCK_BUFFER_TYPE = NONE for TMDS_Tx_Data_N[2]. (constraint file  c:/Users/z1528/Desktop/SEA_S7/Tests/Game/Project/Project.srcs/sources_1/ip/rgb2dvi_0/rgb2dvi_0/rgb2dvi_0_in_context.xdc, line 10).
Applied set_property IO_BUFFER_TYPE = NONE for TMDS_Tx_Data_P[0]. (constraint file  c:/Users/z1528/Desktop/SEA_S7/Tests/Game/Project/Project.srcs/sources_1/ip/rgb2dvi_0/rgb2dvi_0/rgb2dvi_0_in_context.xdc, line 11).
Applied set_property CLOCK_BUFFER_TYPE = NONE for TMDS_Tx_Data_P[0]. (constraint file  c:/Users/z1528/Desktop/SEA_S7/Tests/Game/Project/Project.srcs/sources_1/ip/rgb2dvi_0/rgb2dvi_0/rgb2dvi_0_in_context.xdc, line 12).
Applied set_property IO_BUFFER_TYPE = NONE for TMDS_Tx_Data_P[1]. (constraint file  c:/Users/z1528/Desktop/SEA_S7/Tests/Game/Project/Project.srcs/sources_1/ip/rgb2dvi_0/rgb2dvi_0/rgb2dvi_0_in_context.xdc, line 13).
Applied set_property CLOCK_BUFFER_TYPE = NONE for TMDS_Tx_Data_P[1]. (constraint file  c:/Users/z1528/Desktop/SEA_S7/Tests/Game/Project/Project.srcs/sources_1/ip/rgb2dvi_0/rgb2dvi_0/rgb2dvi_0_in_context.xdc, line 14).
Applied set_property IO_BUFFER_TYPE = NONE for TMDS_Tx_Data_P[2]. (constraint file  c:/Users/z1528/Desktop/SEA_S7/Tests/Game/Project/Project.srcs/sources_1/ip/rgb2dvi_0/rgb2dvi_0/rgb2dvi_0_in_context.xdc, line 15).
Applied set_property CLOCK_BUFFER_TYPE = NONE for TMDS_Tx_Data_P[2]. (constraint file  c:/Users/z1528/Desktop/SEA_S7/Tests/Game/Project/Project.srcs/sources_1/ip/rgb2dvi_0/rgb2dvi_0/rgb2dvi_0_in_context.xdc, line 16).
Applied set_property DONT_TOUCH = true for clk_10. (constraint file  auto generated constraint, line ).
Applied set_property DONT_TOUCH = true for rgb2dvi. (constraint file  auto generated constraint, line ).
Applied set_property DONT_TOUCH = true for snake/foodx. (constraint file  auto generated constraint, line ).
Applied set_property DONT_TOUCH = true for snake/foody. (constraint file  auto generated constraint, line ).
Applied set_property DONT_TOUCH = true for snake/snakex_0. (constraint file  auto generated constraint, line ).
Applied set_property DONT_TOUCH = true for snake/snakex_1. (constraint file  auto generated constraint, line ).
Applied set_property DONT_TOUCH = true for snake/snakex_10. (constraint file  auto generated constraint, line ).
Applied set_property DONT_TOUCH = true for snake/snakex_11. (constraint file  auto generated constraint, line ).
Applied set_property DONT_TOUCH = true for snake/snakex_12. (constraint file  auto generated constraint, line ).
Applied set_property DONT_TOUCH = true for snake/snakex_13. (constraint file  auto generated constraint, line ).
Applied set_property DONT_TOUCH = true for snake/snakex_14. (constraint file  auto generated constraint, line ).
Applied set_property DONT_TOUCH = true for snake/snakex_15. (constraint file  auto generated constraint, line ).
Applied set_property DONT_TOUCH = true for snake/snakex_16. (constraint file  auto generated constraint, line ).
Applied set_property DONT_TOUCH = true for snake/snakex_2. (constraint file  auto generated constraint, line ).
Applied set_property DONT_TOUCH = true for snake/snakex_3. (constraint file  auto generated constraint, line ).
Applied set_property DONT_TOUCH = true for snake/snakex_4. (constraint file  auto generated constraint, line ).
Applied set_property DONT_TOUCH = true for snake/snakex_5. (constraint file  auto generated constraint, line ).
Applied set_property DONT_TOUCH = true for snake/snakex_6. (constraint file  auto generated constraint, line ).
Applied set_property DONT_TOUCH = true for snake/snakex_7. (constraint file  auto generated constraint, line ).
Applied set_property DONT_TOUCH = true for snake/snakex_8. (constraint file  auto generated constraint, line ).
Applied set_property DONT_TOUCH = true for snake/snakex_9. (constraint file  auto generated constraint, line ).
Applied set_property DONT_TOUCH = true for snake/snakey_0. (constraint file  auto generated constraint, line ).
Applied set_property DONT_TOUCH = true for snake/snakey_1. (constraint file  auto generated constraint, line ).
Applied set_property DONT_TOUCH = true for snake/snakey_10. (constraint file  auto generated constraint, line ).
Applied set_property DONT_TOUCH = true for snake/snakey_11. (constraint file  auto generated constraint, line ).
Applied set_property DONT_TOUCH = true for snake/snakey_12. (constraint file  auto generated constraint, line ).
Applied set_property DONT_TOUCH = true for snake/snakey_13. (constraint file  auto generated constraint, line ).
Applied set_property DONT_TOUCH = true for snake/snakey_14. (constraint file  auto generated constraint, line ).
Applied set_property DONT_TOUCH = true for snake/snakey_15. (constraint file  auto generated constraint, line ).
Applied set_property DONT_TOUCH = true for snake/snakey_16. (constraint file  auto generated constraint, line ).
Applied set_property DONT_TOUCH = true for snake/snakey_2. (constraint file  auto generated constraint, line ).
Applied set_property DONT_TOUCH = true for snake/snakey_3. (constraint file  auto generated constraint, line ).
Applied set_property DONT_TOUCH = true for snake/snakey_4. (constraint file  auto generated constraint, line ).
Applied set_property DONT_TOUCH = true for snake/snakey_5. (constraint file  auto generated constraint, line ).
Applied set_property DONT_TOUCH = true for snake/snakey_6. (constraint file  auto generated constraint, line ).
Applied set_property DONT_TOUCH = true for snake/snakey_7. (constraint file  auto generated constraint, line ).
Applied set_property DONT_TOUCH = true for snake/snakey_8. (constraint file  auto generated constraint, line ).
Applied set_property DONT_TOUCH = true for snake/snakey_9. (constraint file  auto generated constraint, line ).
Applied set_property DONT_TOUCH = true for snake/Box_R. (constraint file  auto generated constraint, line ).
Applied set_property DONT_TOUCH = true for snake/Box_G. (constraint file  auto generated constraint, line ).
Applied set_property DONT_TOUCH = true for snake/Box_B. (constraint file  auto generated constraint, line ).
Applied set_property DONT_TOUCH = true for snake/P1_R. (constraint file  auto generated constraint, line ).
Applied set_property DONT_TOUCH = true for snake/P1_G. (constraint file  auto generated constraint, line ).
Applied set_property DONT_TOUCH = true for snake/P1_B. (constraint file  auto generated constraint, line ).
---------------------------------------------------------------------------------
Finished applying 'set_property' XDC Constraints : Time (s): cpu = 00:00:21 ; elapsed = 00:00:20 . Memory (MB): peak = 876.758 ; gain = 499.258
---------------------------------------------------------------------------------
INFO: [Synth 8-5818] HDL ADVISOR - The operator resource <adder> is shared. To prevent sharing consider applying a KEEP on the output of the operator [C:/Users/z1528/Desktop/SEA_S7/Tests/Game/Project/Project.srcs/sources_1/new/Game_Snake.v:211]
INFO: [Synth 8-5818] HDL ADVISOR - The operator resource <adder> is shared. To prevent sharing consider applying a KEEP on the output of the operator [C:/Users/z1528/Desktop/SEA_S7/Tests/Game/Project/Project.srcs/sources_1/new/Game_Snake.v:209]
INFO: [Synth 8-5546] ROM "Snake_X" won't be mapped to RAM because it is too sparse
INFO: [Synth 8-5546] ROM "Snake_X" won't be mapped to RAM because it is too sparse
INFO: [Synth 8-5546] ROM "Snake_X" won't be mapped to RAM because it is too sparse
INFO: [Synth 8-5546] ROM "Snake_X" won't be mapped to RAM because it is too sparse
INFO: [Synth 8-5587] ROM size for "Snake_X" is below threshold of ROM address width. It will be mapped to LUTs
INFO: [Synth 8-5587] ROM size for "Snake_X" is below threshold of ROM address width. It will be mapped to LUTs
INFO: [Synth 8-5587] ROM size for "Snake_X" is below threshold of ROM address width. It will be mapped to LUTs
INFO: [Synth 8-5587] ROM size for "Snake_X" is below threshold of ROM address width. It will be mapped to LUTs
INFO: [Synth 8-5587] ROM size for "Snake_X" is below threshold of ROM address width. It will be mapped to LUTs
INFO: [Synth 8-5587] ROM size for "Snake_X" is below threshold of ROM address width. It will be mapped to LUTs
INFO: [Synth 8-5587] ROM size for "Snake_X" is below threshold of ROM address width. It will be mapped to LUTs
INFO: [Synth 8-5587] ROM size for "Snake_X" is below threshold of ROM address width. It will be mapped to LUTs
INFO: [Synth 8-5546] ROM "Snake_X" won't be mapped to RAM because it is too sparse
INFO: [Synth 8-5546] ROM "Snake_X" won't be mapped to RAM because it is too sparse
INFO: [Synth 8-5546] ROM "Snake_X" won't be mapped to RAM because it is too sparse
INFO: [Synth 8-5546] ROM "Snake_X" won't be mapped to RAM because it is too sparse
INFO: [Synth 8-5544] ROM "Move" won't be mapped to Block RAM because address size (2) smaller than threshold (5)
INFO: [Synth 8-5544] ROM "Move" won't be mapped to Block RAM because address size (2) smaller than threshold (5)
INFO: [Synth 8-5544] ROM "Move" won't be mapped to Block RAM because address size (2) smaller than threshold (5)
INFO: [Synth 8-5544] ROM "Move" won't be mapped to Block RAM because address size (2) smaller than threshold (5)
INFO: [Synth 8-5544] ROM "Move" won't be mapped to Block RAM because address size (2) smaller than threshold (5)
INFO: [Synth 8-5544] ROM "State" won't be mapped to Block RAM because address size (2) smaller than threshold (5)
INFO: [Synth 8-5544] ROM "Cnt_food" won't be mapped to Block RAM because address size (2) smaller than threshold (5)
INFO: [Synth 8-5546] ROM "Snake_X" won't be mapped to RAM because it is too sparse
INFO: [Synth 8-5546] ROM "Snake_X" won't be mapped to RAM because it is too sparse
INFO: [Synth 8-5546] ROM "Snake_X" won't be mapped to RAM because it is too sparse
INFO: [Synth 8-5546] ROM "Snake_X" won't be mapped to RAM because it is too sparse
INFO: [Synth 8-5587] ROM size for "Snake_X" is below threshold of ROM address width. It will be mapped to LUTs
INFO: [Synth 8-5587] ROM size for "Snake_X" is below threshold of ROM address width. It will be mapped to LUTs
INFO: [Synth 8-5587] ROM size for "Snake_X" is below threshold of ROM address width. It will be mapped to LUTs
INFO: [Synth 8-5587] ROM size for "Snake_X" is below threshold of ROM address width. It will be mapped to LUTs
INFO: [Synth 8-5587] ROM size for "Snake_X" is below threshold of ROM address width. It will be mapped to LUTs
INFO: [Synth 8-5587] ROM size for "Snake_X" is below threshold of ROM address width. It will be mapped to LUTs
INFO: [Synth 8-5587] ROM size for "Snake_X" is below threshold of ROM address width. It will be mapped to LUTs
INFO: [Synth 8-5587] ROM size for "Snake_X" is below threshold of ROM address width. It will be mapped to LUTs
INFO: [Synth 8-5546] ROM "Snake_X" won't be mapped to RAM because it is too sparse
INFO: [Synth 8-5546] ROM "Snake_X" won't be mapped to RAM because it is too sparse
INFO: [Synth 8-5546] ROM "Snake_X" won't be mapped to RAM because it is too sparse
INFO: [Synth 8-5546] ROM "Snake_X" won't be mapped to RAM because it is too sparse
INFO: [Synth 8-5544] ROM "Move" won't be mapped to Block RAM because address size (2) smaller than threshold (5)
INFO: [Synth 8-5544] ROM "Move" won't be mapped to Block RAM because address size (2) smaller than threshold (5)
INFO: [Synth 8-5544] ROM "Move" won't be mapped to Block RAM because address size (2) smaller than threshold (5)
INFO: [Synth 8-5544] ROM "Move" won't be mapped to Block RAM because address size (2) smaller than threshold (5)
INFO: [Synth 8-5544] ROM "Move" won't be mapped to Block RAM because address size (2) smaller than threshold (5)
INFO: [Synth 8-5544] ROM "State" won't be mapped to Block RAM because address size (2) smaller than threshold (5)
INFO: [Synth 8-5544] ROM "Cnt_food" won't be mapped to Block RAM because address size (2) smaller than threshold (5)
INFO: [Synth 8-5544] ROM "Next_State" won't be mapped to Block RAM because address size (2) smaller than threshold (5)
INFO: [Synth 8-5544] ROM "Move" won't be mapped to Block RAM because address size (2) smaller than threshold (5)
INFO: [Synth 8-5544] ROM "Next_Step_time" won't be mapped to Block RAM because address size (2) smaller than threshold (5)
INFO: [Synth 8-5544] ROM "RGB_Data" won't be mapped to Block RAM because address size (1) smaller than threshold (5)
WARNING: [Synth 8-327] inferring latch for variable 'RGB_Data_reg' [C:/Users/z1528/Desktop/SEA_S7/Tests/Game/Project/Project.srcs/sources_1/new/Game_Snake.v:605]
WARNING: [Synth 8-327] inferring latch for variable 'Food_Y_reg' [C:/Users/z1528/Desktop/SEA_S7/Tests/Game/Project/Project.srcs/sources_1/new/Game_Snake.v:576]
WARNING: [Synth 8-327] inferring latch for variable 'Food_X_reg' [C:/Users/z1528/Desktop/SEA_S7/Tests/Game/Project/Project.srcs/sources_1/new/Game_Snake.v:576]
WARNING: [Synth 8-327] inferring latch for variable 'Address_reg' [C:/Users/z1528/Desktop/SEA_S7/Tests/Game/Project/Project.srcs/sources_1/new/Game_Snake.v:636]
WARNING: [Synth 8-327] inferring latch for variable 'AddressU1_reg' [C:/Users/z1528/Desktop/SEA_S7/Tests/Game/Project/Project.srcs/sources_1/new/Game_Snake.v:1481]
---------------------------------------------------------------------------------
Finished RTL Optimization Phase 2 : Time (s): cpu = 00:00:24 ; elapsed = 00:00:23 . Memory (MB): peak = 876.758 ; gain = 499.258
---------------------------------------------------------------------------------

Report RTL Partitions: 
+-+--------------+------------+----------+
| |RTL Partition |Replication |Instances |
+-+--------------+------------+----------+
+-+--------------+------------+----------+
---------------------------------------------------------------------------------
Start RTL Component Statistics 
---------------------------------------------------------------------------------
Detailed RTL Component Info : 
+---Adders : 
	   2 Input     32 Bit       Adders := 5     
	   3 Input     32 Bit       Adders := 1     
	   3 Input     18 Bit       Adders := 36    
	   2 Input     14 Bit       Adders := 1     
	   5 Input     12 Bit       Adders := 1     
	   3 Input     12 Bit       Adders := 1     
	   2 Input     10 Bit       Adders := 36    
	   3 Input     10 Bit       Adders := 54    
	   2 Input      8 Bit       Adders := 3     
	   3 Input      7 Bit       Adders := 2     
	   2 Input      4 Bit       Adders := 3     
	   2 Input      2 Bit       Adders := 1     
+---Registers : 
	               32 Bit    Registers := 2     
	               12 Bit    Registers := 2     
	                8 Bit    Registers := 34    
	                4 Bit    Registers := 1     
	                2 Bit    Registers := 4     
	                1 Bit    Registers := 5     
+---Muxes : 
	   5 Input     26 Bit        Muxes := 1     
	  24 Input     24 Bit        Muxes := 1     
	   2 Input     24 Bit        Muxes := 10    
	   5 Input     24 Bit        Muxes := 1     
	   6 Input     24 Bit        Muxes := 1     
	   8 Input     24 Bit        Muxes := 1     
	   9 Input     24 Bit        Muxes := 2     
	  10 Input     24 Bit        Muxes := 1     
	  11 Input     24 Bit        Muxes := 1     
	  12 Input     24 Bit        Muxes := 1     
	  13 Input     24 Bit        Muxes := 1     
	  14 Input     24 Bit        Muxes := 1     
	  15 Input     24 Bit        Muxes := 1     
	  16 Input     24 Bit        Muxes := 2     
	  18 Input     24 Bit        Muxes := 2     
	  27 Input     24 Bit        Muxes := 1     
	   2 Input     12 Bit        Muxes := 1     
	   2 Input     11 Bit        Muxes := 1     
	   2 Input      7 Bit        Muxes := 1     
	   2 Input      6 Bit        Muxes := 2     
	   4 Input      2 Bit        Muxes := 2     
	   9 Input      2 Bit        Muxes := 1     
	   2 Input      2 Bit        Muxes := 11    
	  16 Input      2 Bit        Muxes := 1     
	   2 Input      1 Bit        Muxes := 62    
	   5 Input      1 Bit        Muxes := 1     
	   4 Input      1 Bit        Muxes := 7     
	  16 Input      1 Bit        Muxes := 18    
	  38 Input      1 Bit        Muxes := 2     
	  24 Input      1 Bit        Muxes := 1     
	   9 Input      1 Bit        Muxes := 1     
	  21 Input      1 Bit        Muxes := 1     
	   8 Input      1 Bit        Muxes := 1     
---------------------------------------------------------------------------------
Finished RTL Component Statistics 
---------------------------------------------------------------------------------
---------------------------------------------------------------------------------
Start RTL Hierarchical Component Statistics 
---------------------------------------------------------------------------------
Hierarchical RTL Component report 
Module Driver_HDMI 
Detailed RTL Component Info : 
+---Adders : 
	   2 Input     32 Bit       Adders := 5     
	   3 Input     32 Bit       Adders := 1     
	   5 Input     12 Bit       Adders := 1     
	   3 Input     12 Bit       Adders := 1     
	   2 Input      8 Bit       Adders := 1     
	   3 Input      7 Bit       Adders := 2     
	   2 Input      4 Bit       Adders := 2     
+---Registers : 
	               12 Bit    Registers := 2     
	                1 Bit    Registers := 5     
+---Muxes : 
	   2 Input     12 Bit        Muxes := 1     
	   2 Input     11 Bit        Muxes := 1     
	   2 Input      7 Bit        Muxes := 1     
	   2 Input      6 Bit        Muxes := 2     
	   2 Input      1 Bit        Muxes := 4     
Module Game_Snake 
Detailed RTL Component Info : 
+---Adders : 
	   3 Input     18 Bit       Adders := 36    
	   2 Input     14 Bit       Adders := 1     
	   2 Input     10 Bit       Adders := 36    
	   3 Input     10 Bit       Adders := 54    
	   2 Input      8 Bit       Adders := 2     
	   2 Input      4 Bit       Adders := 1     
	   2 Input      2 Bit       Adders := 1     
+---Registers : 
	               32 Bit    Registers := 2     
	                8 Bit    Registers := 34    
	                4 Bit    Registers := 1     
	                2 Bit    Registers := 4     
+---Muxes : 
	   5 Input     26 Bit        Muxes := 1     
	  24 Input     24 Bit        Muxes := 1     
	   2 Input     24 Bit        Muxes := 10    
	   5 Input     24 Bit        Muxes := 1     
	   6 Input     24 Bit        Muxes := 1     
	   8 Input     24 Bit        Muxes := 1     
	   9 Input     24 Bit        Muxes := 2     
	  10 Input     24 Bit        Muxes := 1     
	  11 Input     24 Bit        Muxes := 1     
	  12 Input     24 Bit        Muxes := 1     
	  13 Input     24 Bit        Muxes := 1     
	  14 Input     24 Bit        Muxes := 1     
	  15 Input     24 Bit        Muxes := 1     
	  16 Input     24 Bit        Muxes := 2     
	  18 Input     24 Bit        Muxes := 2     
	  27 Input     24 Bit        Muxes := 1     
	   4 Input      2 Bit        Muxes := 2     
	   9 Input      2 Bit        Muxes := 1     
	   2 Input      2 Bit        Muxes := 11    
	  16 Input      2 Bit        Muxes := 1     
	   2 Input      1 Bit        Muxes := 58    
	   5 Input      1 Bit        Muxes := 1     
	   4 Input      1 Bit        Muxes := 7     
	  16 Input      1 Bit        Muxes := 18    
	  38 Input      1 Bit        Muxes := 2     
	  24 Input      1 Bit        Muxes := 1     
	   9 Input      1 Bit        Muxes := 1     
	  21 Input      1 Bit        Muxes := 1     
	   8 Input      1 Bit        Muxes := 1     
---------------------------------------------------------------------------------
Finished RTL Hierarchical Component Statistics
---------------------------------------------------------------------------------
---------------------------------------------------------------------------------
Start Part Resource Summary
---------------------------------------------------------------------------------
Part Resources:
DSPs: 20 (col length:20)
BRAMs: 20 (col length: RAMB18 20 RAMB36 10)
---------------------------------------------------------------------------------
Finished Part Resource Summary
---------------------------------------------------------------------------------
---------------------------------------------------------------------------------
Start Cross Boundary and Area Optimization
---------------------------------------------------------------------------------
Warning: Parallel synthesis criteria is not met 
DSP Report: Generating DSP AddressU11, operation Mode is: A*(B:0x64).
DSP Report: operator AddressU11 is absorbed into DSP AddressU11.
DSP Report: Generating DSP AddressU10, operation Mode is: PCIN+(A:0x0):B+(C:0xfffffffffecb).
DSP Report: operator AddressU10 is absorbed into DSP AddressU10.
INFO: [Synth 8-3886] merging instance 'snake/Next_Step_time_reg[0]' (FDE) to 'snake/Next_Step_time_reg[4]'
INFO: [Synth 8-3886] merging instance 'snake/Next_Step_time_reg[1]' (FDE) to 'snake/Next_Step_time_reg[5]'
INFO: [Synth 8-3886] merging instance 'snake/Next_Step_time_reg[2]' (FDE) to 'snake/Next_Step_time_reg[24]'
INFO: [Synth 8-3333] propagating constant 0 across sequential element (snake/\Food_X_reg[7] )
INFO: [Synth 8-3333] propagating constant 0 across sequential element (snake/\Food_Y_reg[6] )
INFO: [Synth 8-3333] propagating constant 0 across sequential element (snake/\Food_Y_reg[7] )
INFO: [Synth 8-3886] merging instance 'snake/Step_time_reg[0]' (FDE) to 'snake/Step_time_reg[4]'
INFO: [Synth 8-3886] merging instance 'snake/Step_time_reg[1]' (FDE) to 'snake/Step_time_reg[5]'
INFO: [Synth 8-3886] merging instance 'snake/Step_time_reg[2]' (FDE) to 'snake/Step_time_reg[24]'
INFO: [Synth 8-3886] merging instance 'snake/Next_Step_time_reg[3]' (FDE) to 'snake/Next_Step_time_reg[25]'
INFO: [Synth 8-3886] merging instance 'snake/Step_time_reg[3]' (FDE) to 'snake/Step_time_reg[25]'
INFO: [Synth 8-3886] merging instance 'snake/Next_Step_time_reg[4]' (FDE) to 'snake/Next_Step_time_reg[22]'
INFO: [Synth 8-3886] merging instance 'snake/Step_time_reg[4]' (FDE) to 'snake/Step_time_reg[22]'
INFO: [Synth 8-3886] merging instance 'snake/Next_Step_time_reg[5]' (FDE) to 'snake/Next_Step_time_reg[15]'
INFO: [Synth 8-3886] merging instance 'snake/Step_time_reg[5]' (FDE) to 'snake/Step_time_reg[15]'
INFO: [Synth 8-3886] merging instance 'snake/Next_Step_time_reg[6]' (FDE) to 'snake/Next_Step_time_reg[16]'
INFO: [Synth 8-3886] merging instance 'snake/Step_time_reg[6]' (FDE) to 'snake/Step_time_reg[16]'
INFO: [Synth 8-3886] merging instance 'snake/Next_Step_time_reg[7]' (FDE) to 'snake/Next_Step_time_reg[11]'
INFO: [Synth 8-3886] merging instance 'snake/Step_time_reg[7]' (FDE) to 'snake/Step_time_reg[11]'
INFO: [Synth 8-3886] merging instance 'snake/Next_Step_time_reg[8]' (FDE) to 'snake/Next_Step_time_reg[13]'
INFO: [Synth 8-3886] merging instance 'snake/Step_time_reg[8]' (FDE) to 'snake/Step_time_reg[13]'
INFO: [Synth 8-3886] merging instance 'snake/Next_Step_time_reg[9]' (FDE) to 'snake/Next_Step_time_reg[18]'
INFO: [Synth 8-3886] merging instance 'snake/Step_time_reg[9]' (FDE) to 'snake/Step_time_reg[18]'
INFO: [Synth 8-3886] merging instance 'snake/Next_Step_time_reg[10]' (FDE) to 'snake/Next_Step_time_reg[19]'
INFO: [Synth 8-3886] merging instance 'snake/Step_time_reg[10]' (FDE) to 'snake/Step_time_reg[19]'
INFO: [Synth 8-3886] merging instance 'snake/Next_Step_time_reg[11]' (FDE) to 'snake/Next_Step_time_reg[12]'
INFO: [Synth 8-3886] merging instance 'snake/Step_time_reg[11]' (FDE) to 'snake/Step_time_reg[12]'
INFO: [Synth 8-3333] propagating constant 1 across sequential element (snake/\Next_Step_time_reg[12] )
INFO: [Synth 8-3886] merging instance 'snake/Next_Step_time_reg[13]' (FDE) to 'snake/Next_Step_time_reg[17]'
INFO: [Synth 8-3886] merging instance 'snake/Step_time_reg[13]' (FDE) to 'snake/Step_time_reg[17]'
INFO: [Synth 8-3886] merging instance 'snake/Next_Step_time_reg[14]' (FDE) to 'snake/Next_Step_time_reg[21]'
INFO: [Synth 8-3886] merging instance 'snake/Step_time_reg[14]' (FDE) to 'snake/Step_time_reg[21]'
INFO: [Synth 8-3886] merging instance 'snake/Next_Step_time_reg[15]' (FDE) to 'snake/Next_Step_time_reg[23]'
INFO: [Synth 8-3886] merging instance 'snake/Step_time_reg[15]' (FDE) to 'snake/Step_time_reg[23]'
INFO: [Synth 8-3886] merging instance 'snake/Next_Step_time_reg[17]' (FDE) to 'snake/Next_Step_time_reg[20]'
INFO: [Synth 8-3886] merging instance 'snake/Step_time_reg[17]' (FDE) to 'snake/Step_time_reg[20]'
INFO: [Synth 8-3886] merging instance 'snake/Next_Step_time_reg[22]' (FDE) to 'snake/Next_Step_time_reg[26]'
INFO: [Synth 8-3886] merging instance 'snake/Step_time_reg[22]' (FDE) to 'snake/Step_time_reg[26]'
INFO: [Synth 8-3886] merging instance 'snake/Next_Step_time_reg[26]' (FDE) to 'snake/Next_Step_time_reg[27]'
INFO: [Synth 8-3886] merging instance 'snake/Step_time_reg[26]' (FDE) to 'snake/Step_time_reg[27]'
INFO: [Synth 8-3886] merging instance 'snake/Next_Step_time_reg[27]' (FDE) to 'snake/Next_Step_time_reg[28]'
INFO: [Synth 8-3886] merging instance 'snake/Step_time_reg[27]' (FDE) to 'snake/Step_time_reg[28]'
INFO: [Synth 8-3886] merging instance 'snake/Next_Step_time_reg[28]' (FDE) to 'snake/Next_Step_time_reg[29]'
INFO: [Synth 8-3886] merging instance 'snake/Step_time_reg[28]' (FDE) to 'snake/Step_time_reg[29]'
INFO: [Synth 8-3886] merging instance 'snake/Next_Step_time_reg[29]' (FDE) to 'snake/Next_Step_time_reg[30]'
INFO: [Synth 8-3886] merging instance 'snake/Step_time_reg[29]' (FDE) to 'snake/Step_time_reg[30]'
INFO: [Synth 8-3886] merging instance 'snake/Next_Step_time_reg[30]' (FDE) to 'snake/Next_Step_time_reg[31]'
INFO: [Synth 8-3886] merging instance 'snake/Step_time_reg[30]' (FDE) to 'snake/Step_time_reg[31]'
INFO: [Synth 8-3333] propagating constant 0 across sequential element (snake/\Next_Step_time_reg[31] )
INFO: [Synth 8-3333] propagating constant 1 across sequential element (snake/\Step_time_reg[12] )
INFO: [Synth 8-3333] propagating constant 0 across sequential element (snake/\Step_time_reg[31] )
WARNING: [Synth 8-3332] Sequential element (Food_Y_reg[7]) is unused and will be removed from module Game_Snake.
WARNING: [Synth 8-3332] Sequential element (Food_Y_reg[6]) is unused and will be removed from module Game_Snake.
WARNING: [Synth 8-3332] Sequential element (Food_Y_reg[5]) is unused and will be removed from module Game_Snake.
WARNING: [Synth 8-3332] Sequential element (Food_Y_reg[4]) is unused and will be removed from module Game_Snake.
WARNING: [Synth 8-3332] Sequential element (Food_Y_reg[3]) is unused and will be removed from module Game_Snake.
WARNING: [Synth 8-3332] Sequential element (Food_Y_reg[2]) is unused and will be removed from module Game_Snake.
WARNING: [Synth 8-3332] Sequential element (Food_Y_reg[1]) is unused and will be removed from module Game_Snake.
WARNING: [Synth 8-3332] Sequential element (Food_Y_reg[0]) is unused and will be removed from module Game_Snake.
WARNING: [Synth 8-3332] Sequential element (Food_X_reg[7]) is unused and will be removed from module Game_Snake.
WARNING: [Synth 8-3332] Sequential element (Food_X_reg[6]) is unused and will be removed from module Game_Snake.
WARNING: [Synth 8-3332] Sequential element (Food_X_reg[5]) is unused and will be removed from module Game_Snake.
WARNING: [Synth 8-3332] Sequential element (Food_X_reg[4]) is unused and will be removed from module Game_Snake.
WARNING: [Synth 8-3332] Sequential element (Food_X_reg[3]) is unused and will be removed from module Game_Snake.
WARNING: [Synth 8-3332] Sequential element (Food_X_reg[2]) is unused and will be removed from module Game_Snake.
WARNING: [Synth 8-3332] Sequential element (Food_X_reg[1]) is unused and will be removed from module Game_Snake.
WARNING: [Synth 8-3332] Sequential element (Food_X_reg[0]) is unused and will be removed from module Game_Snake.
INFO: [Synth 8-3333] propagating constant 0 across sequential element (snake/\Snake_Y_reg[16][7] )
INFO: [Synth 8-3333] propagating constant 0 across sequential element (snake/\Snake_Y_reg[16][6] )
INFO: [Synth 8-3333] propagating constant 0 across sequential element (snake/\Snake_Y_reg[16][5] )
INFO: [Synth 8-3333] propagating constant 0 across sequential element (snake/\Snake_Y_reg[16][4] )
INFO: [Synth 8-3333] propagating constant 0 across sequential element (snake/\Snake_Y_reg[16][3] )
INFO: [Synth 8-3333] propagating constant 0 across sequential element (snake/\Snake_Y_reg[16][0] )
INFO: [Synth 8-3333] propagating constant 0 across sequential element (snake/\Snake_Y_reg[16][2] )
INFO: [Synth 8-3333] propagating constant 0 across sequential element (snake/\Snake_Y_reg[16][1] )
INFO: [Synth 8-3333] propagating constant 0 across sequential element (snake/\Snake_X_reg[16][7] )
INFO: [Synth 8-3333] propagating constant 0 across sequential element (snake/\Snake_X_reg[16][6] )
INFO: [Synth 8-3333] propagating constant 0 across sequential element (snake/\Snake_X_reg[16][3] )
INFO: [Synth 8-3333] propagating constant 0 across sequential element (snake/\Snake_X_reg[16][5] )
INFO: [Synth 8-3333] propagating constant 0 across sequential element (snake/\Snake_X_reg[16][4] )
INFO: [Synth 8-3333] propagating constant 0 across sequential element (snake/\Snake_X_reg[16][0] )
INFO: [Synth 8-3333] propagating constant 0 across sequential element (snake/\Snake_X_reg[16][2] )
INFO: [Synth 8-3333] propagating constant 0 across sequential element (snake/\Snake_X_reg[16][1] )
---------------------------------------------------------------------------------
Finished Cross Boundary and Area Optimization : Time (s): cpu = 00:00:34 ; elapsed = 00:00:33 . Memory (MB): peak = 876.758 ; gain = 499.258
---------------------------------------------------------------------------------
---------------------------------------------------------------------------------
Start ROM, RAM, DSP and Shift Register Reporting
---------------------------------------------------------------------------------

DSP: Preliminary Mapping  Report (see note below)
+------------+-----------------------------------+--------+--------+--------+--------+--------+------+------+------+------+-------+------+------+
|Module Name | DSP Mapping                       | A Size | B Size | C Size | D Size | P Size | AREG | BREG | CREG | DREG | ADREG | MREG | PREG | 
+------------+-----------------------------------+--------+--------+--------+--------+--------+------+------+------+------+-------+------+------+
|Game_Snake  | A*(B:0x64)                        | 14     | 7      | -      | -      | 21     | 0    | 0    | -    | -    | -     | 0    | 0    | 
|Game_Snake  | PCIN+(A:0x0):B+(C:0xfffffffffecb) | 30     | 12     | 10     | -      | -1     | 0    | 0    | 0    | -    | -     | 0    | 0    | 
+------------+-----------------------------------+--------+--------+--------+--------+--------+------+------+------+------+-------+------+------+

Note: The table above is a preliminary report that shows the DSPs inferred at the current stage of the synthesis flow. Some DSP may be reimplemented as non DSP primitives later in the synthesis flow. Multiple instantiated DSPs are reported only once.
---------------------------------------------------------------------------------
Finished ROM, RAM, DSP and Shift Register Reporting
---------------------------------------------------------------------------------

Report RTL Partitions: 
+-+--------------+------------+----------+
| |RTL Partition |Replication |Instances |
+-+--------------+------------+----------+
+-+--------------+------------+----------+
---------------------------------------------------------------------------------
Start Applying XDC Timing Constraints
---------------------------------------------------------------------------------
INFO: [Synth 8-5578] Moved timing constraint from pin 'clk_10/clk_out1' to pin 'clk_10/bbstub_clk_out1/O'
INFO: [Synth 8-5819] Moved 1 constraints on hierarchical pins to their respective driving/loading pins
---------------------------------------------------------------------------------
Finished Applying XDC Timing Constraints : Time (s): cpu = 00:00:51 ; elapsed = 00:00:49 . Memory (MB): peak = 902.699 ; gain = 525.199
---------------------------------------------------------------------------------
---------------------------------------------------------------------------------
Start Timing Optimization
---------------------------------------------------------------------------------
---------------------------------------------------------------------------------
Finished Timing Optimization : Time (s): cpu = 00:01:07 ; elapsed = 00:01:06 . Memory (MB): peak = 1064.043 ; gain = 686.543
---------------------------------------------------------------------------------

Report RTL Partitions: 
+-+--------------+------------+----------+
| |RTL Partition |Replication |Instances |
+-+--------------+------------+----------+
+-+--------------+------------+----------+
---------------------------------------------------------------------------------
Start Technology Mapping
---------------------------------------------------------------------------------
---------------------------------------------------------------------------------
Finished Technology Mapping : Time (s): cpu = 00:01:09 ; elapsed = 00:01:08 . Memory (MB): peak = 1065.617 ; gain = 688.117
---------------------------------------------------------------------------------

Report RTL Partitions: 
+-+--------------+------------+----------+
| |RTL Partition |Replication |Instances |
+-+--------------+------------+----------+
+-+--------------+------------+----------+
---------------------------------------------------------------------------------
Start IO Insertion
---------------------------------------------------------------------------------
---------------------------------------------------------------------------------
Start Flattening Before IO Insertion
---------------------------------------------------------------------------------
---------------------------------------------------------------------------------
Finished Flattening Before IO Insertion
---------------------------------------------------------------------------------
---------------------------------------------------------------------------------
Start Final Netlist Cleanup
---------------------------------------------------------------------------------
---------------------------------------------------------------------------------
Finished Final Netlist Cleanup
---------------------------------------------------------------------------------
---------------------------------------------------------------------------------
Finished IO Insertion : Time (s): cpu = 00:01:11 ; elapsed = 00:01:10 . Memory (MB): peak = 1065.617 ; gain = 688.117
---------------------------------------------------------------------------------

Report Check Netlist: 
+------+------------------+-------+---------+-------+------------------+
|      |Item              |Errors |Warnings |Status |Description       |
+------+------------------+-------+---------+-------+------------------+
|1     |multi_driven_nets |      0|        0|Passed |Multi driven nets |
+------+------------------+-------+---------+-------+------------------+
---------------------------------------------------------------------------------
Start Renaming Generated Instances
---------------------------------------------------------------------------------
---------------------------------------------------------------------------------
Finished Renaming Generated Instances : Time (s): cpu = 00:01:11 ; elapsed = 00:01:10 . Memory (MB): peak = 1065.617 ; gain = 688.117
---------------------------------------------------------------------------------

Report RTL Partitions: 
+-+--------------+------------+----------+
| |RTL Partition |Replication |Instances |
+-+--------------+------------+----------+
+-+--------------+------------+----------+
---------------------------------------------------------------------------------
Start Rebuilding User Hierarchy
---------------------------------------------------------------------------------
---------------------------------------------------------------------------------
Finished Rebuilding User Hierarchy : Time (s): cpu = 00:01:11 ; elapsed = 00:01:10 . Memory (MB): peak = 1065.617 ; gain = 688.117
---------------------------------------------------------------------------------
---------------------------------------------------------------------------------
Start Renaming Generated Ports
---------------------------------------------------------------------------------
---------------------------------------------------------------------------------
Finished Renaming Generated Ports : Time (s): cpu = 00:01:11 ; elapsed = 00:01:10 . Memory (MB): peak = 1065.617 ; gain = 688.117
---------------------------------------------------------------------------------
---------------------------------------------------------------------------------
Start Handling Custom Attributes
---------------------------------------------------------------------------------
---------------------------------------------------------------------------------
Finished Handling Custom Attributes : Time (s): cpu = 00:01:11 ; elapsed = 00:01:11 . Memory (MB): peak = 1065.617 ; gain = 688.117
---------------------------------------------------------------------------------
---------------------------------------------------------------------------------
Start Renaming Generated Nets
---------------------------------------------------------------------------------
---------------------------------------------------------------------------------
Finished Renaming Generated Nets : Time (s): cpu = 00:01:11 ; elapsed = 00:01:11 . Memory (MB): peak = 1065.617 ; gain = 688.117
---------------------------------------------------------------------------------
---------------------------------------------------------------------------------
Start Writing Synthesis Report
---------------------------------------------------------------------------------

Report BlackBoxes: 
+------+--------------+----------+
|      |BlackBox name |Instances |
+------+--------------+----------+
|1     |clk_wiz_0     |         1|
|2     |rgb2dvi_0     |         1|
|3     |P1_B_Rom      |         1|
|4     |P1_R_Rom      |         1|
|5     |P1_G_Rom      |         1|
|6     |Box_R_Rom     |         1|
|7     |Box_G_Rom     |         1|
|8     |Box_B_Rom     |         1|
|9     |mult          |        36|
+------+--------------+----------+

Report Cell Usage: 
+------+----------+------+
|      |Cell      |Count |
+------+----------+------+
|1     |Box_B_Rom |     1|
|2     |Box_G_Rom |     1|
|3     |Box_R_Rom |     1|
|4     |P1_B_Rom  |     1|
|5     |P1_G_Rom  |     1|
|6     |P1_R_Rom  |     1|
|7     |clk_wiz_0 |     1|
|8     |mult      |     1|
|9     |mult__36  |     1|
|10    |mult__37  |     1|
|11    |mult__38  |     1|
|12    |mult__39  |     1|
|13    |mult__40  |     1|
|14    |mult__41  |     1|
|15    |mult__42  |     1|
|16    |mult__43  |     1|
|17    |mult__44  |     1|
|18    |mult__45  |     1|
|19    |mult__46  |     1|
|20    |mult__47  |     1|
|21    |mult__48  |     1|
|22    |mult__49  |     1|
|23    |mult__50  |     1|
|24    |mult__51  |     1|
|25    |mult__52  |     1|
|26    |mult__53  |     1|
|27    |mult__54  |     1|
|28    |mult__55  |     1|
|29    |mult__56  |     1|
|30    |mult__57  |     1|
|31    |mult__58  |     1|
|32    |mult__59  |     1|
|33    |mult__60  |     1|
|34    |mult__61  |     1|
|35    |mult__62  |     1|
|36    |mult__63  |     1|
|37    |mult__64  |     1|
|38    |mult__65  |     1|
|39    |mult__66  |     1|
|40    |mult__67  |     1|
|41    |mult__68  |     1|
|42    |mult__69  |     1|
|43    |mult__70  |     1|
|44    |rgb2dvi_0 |     1|
|45    |CARRY4    |   504|
|46    |DSP48E1   |     1|
|47    |DSP48E1_2 |     1|
|48    |LUT1      |   266|
|49    |LUT2      |  1040|
|50    |LUT3      |   225|
|51    |LUT4      |   975|
|52    |LUT5      |   162|
|53    |LUT6      |   549|
|54    |FDRE      |   405|
|55    |FDSE      |    10|
|56    |LD        |    48|
|57    |IBUF      |     6|
+------+----------+------+

Report Instance Areas: 
+------+---------------+------------+------+
|      |Instance       |Module      |Cells |
+------+---------------+------------+------+
|1     |top            |            |  4825|
|2     |  Driver_HDMI0 |Driver_HDMI |  2152|
|3     |  snake        |Game_Snake  |  2658|
+------+---------------+------------+------+
---------------------------------------------------------------------------------
Finished Writing Synthesis Report : Time (s): cpu = 00:01:12 ; elapsed = 00:01:11 . Memory (MB): peak = 1065.617 ; gain = 688.117
---------------------------------------------------------------------------------
Synthesis finished with 0 errors, 0 critical warnings and 21 warnings.
Synthesis Optimization Runtime : Time (s): cpu = 00:00:55 ; elapsed = 00:01:02 . Memory (MB): peak = 1065.617 ; gain = 380.516
Synthesis Optimization Complete : Time (s): cpu = 00:01:12 ; elapsed = 00:01:11 . Memory (MB): peak = 1065.617 ; gain = 688.117
INFO: [Project 1-571] Translating synthesized netlist
INFO: [Netlist 29-17] Analyzing 554 Unisim elements for replacement
INFO: [Netlist 29-28] Unisim Transformation completed in 0 CPU seconds
INFO: [Project 1-570] Preparing netlist for logic optimization
INFO: [Opt 31-138] Pushed 0 inverter(s) to 0 load pin(s).
Netlist sorting complete. Time (s): cpu = 00:00:00 ; elapsed = 00:00:00.001 . Memory (MB): peak = 1065.617 ; gain = 0.000
INFO: [Project 1-111] Unisim Transformation Summary:
  A total of 48 instances were transformed.
  LD => LDCE: 48 instances

INFO: [Common 17-83] Releasing license: Synthesis
164 Infos, 63 Warnings, 0 Critical Warnings and 0 Errors encountered.
synth_design completed successfully
synth_design: Time (s): cpu = 00:01:14 ; elapsed = 00:01:15 . Memory (MB): peak = 1065.617 ; gain = 700.805
Netlist sorting complete. Time (s): cpu = 00:00:00 ; elapsed = 00:00:00.001 . Memory (MB): peak = 1065.617 ; gain = 0.000
WARNING: [Constraints 18-5210] No constraints selected for write.
Resolution: This message can indicate that there are no constraints for the design, or it can indicate that the used_in flags are set such that the constraints are ignored. This later case is used when running synth_design to not write synthesis constraints to the resulting checkpoint. Instead, project constraints are read when the synthesized design is opened.
INFO: [Common 17-1381] The checkpoint 'C:/Users/z1528/Desktop/SEA_S7/Tests/Game/Project/Project.runs/synth_1/Top.dcp' has been generated.
INFO: [runtcl-4] Executing : report_utilization -file Top_utilization_synth.rpt -pb Top_utilization_synth.pb
INFO: [Common 17-206] Exiting Vivado at Fri Jul 31 17:52:20 2020...
